<?xml version="1.0" encoding="UTF-8"?>
<coverage generated="1622478690156" clover="3.2.0">
  <project timestamp="1622478690156" name="All files">
    <metrics statements="23" coveredstatements="23" conditionals="15" coveredconditionals="15" methods="3" coveredmethods="3" elements="41" coveredelements="41" complexity="0" loc="23" ncloc="23" packages="1" files="1" classes="1"/>
    <file name="fizzBuzz.js" path="/home/tonito/dev/technicalInterviewWithTest/fizzBuzz.js">
      <metrics statements="23" coveredstatements="23" conditionals="15" coveredconditionals="15" methods="3" coveredmethods="3"/>
      <line num="1" count="24" type="cond" truecount="1" falsecount="0"/>
      <line num="2" count="24" type="cond" truecount="2" falsecount="0"/>
      <line num="3" count="24" type="cond" truecount="2" falsecount="0"/>
      <line num="4" count="22" type="cond" truecount="1" falsecount="0"/>
      <line num="5" count="24" type="cond" truecount="2" falsecount="0"/>
      <line num="6" count="2" type="stmt"/>
      <line num="7" count="2" type="stmt"/>
      <line num="8" count="24" type="cond" truecount="2" falsecount="0"/>
      <line num="9" count="6" type="stmt"/>
      <line num="10" count="6" type="stmt"/>
      <line num="11" count="24" type="cond" truecount="2" falsecount="0"/>
      <line num="12" count="4" type="stmt"/>
      <line num="13" count="4" type="stmt"/>
      <line num="14" count="10" type="cond" truecount="1" falsecount="0"/>
      <line num="15" count="10" type="stmt"/>
      <line num="16" count="1" type="stmt"/>
      <line num="17" count="1" type="cond" truecount="1" falsecount="0"/>
      <line num="18" count="1" type="cond" truecount="1" falsecount="0"/>
      <line num="19" count="17" type="stmt"/>
      <line num="20" count="17" type="stmt"/>
      <line num="21" count="1" type="stmt"/>
      <line num="22" count="1" type="stmt"/>
      <line num="23" count="1" type="stmt"/>
    </file>
  </project>
</coverage>
