{"/home/tonito/dev/technicalInterviewWithTest/fizzBuzz.js": {"path":"/home/tonito/dev/technicalInterviewWithTest/fizzBuzz.js","all":false,"statementMap":{"0":{"start":{"line":1,"column":0},"end":{"line":1,"column":24}},"1":{"start":{"line":2,"column":0},"end":{"line":2,"column":77}},"2":{"start":{"line":3,"column":0},"end":{"line":3,"column":26}},"3":{"start":{"line":4,"column":0},"end":{"line":4,"column":58}},"4":{"start":{"line":5,"column":0},"end":{"line":5,"column":47}},"5":{"start":{"line":6,"column":0},"end":{"line":6,"column":22}},"6":{"start":{"line":7,"column":0},"end":{"line":7,"column":3}},"7":{"start":{"line":8,"column":0},"end":{"line":8,"column":26}},"8":{"start":{"line":9,"column":0},"end":{"line":9,"column":18}},"9":{"start":{"line":10,"column":0},"end":{"line":10,"column":3}},"10":{"start":{"line":11,"column":0},"end":{"line":11,"column":26}},"11":{"start":{"line":12,"column":0},"end":{"line":12,"column":18}},"12":{"start":{"line":13,"column":0},"end":{"line":13,"column":3}},"13":{"start":{"line":14,"column":0},"end":{"line":14,"column":13}},"14":{"start":{"line":15,"column":0},"end":{"line":15,"column":1}},"15":{"start":{"line":16,"column":0},"end":{"line":16,"column":0}},"16":{"start":{"line":17,"column":0},"end":{"line":17,"column":21}},"17":{"start":{"line":18,"column":0},"end":{"line":18,"column":34}},"18":{"start":{"line":19,"column":0},"end":{"line":19,"column":40}},"19":{"start":{"line":20,"column":0},"end":{"line":20,"column":3}},"20":{"start":{"line":21,"column":0},"end":{"line":21,"column":1}},"21":{"start":{"line":22,"column":0},"end":{"line":22,"column":10}},"22":{"start":{"line":23,"column":0},"end":{"line":23,"column":26}}},"s":{"0":24,"1":24,"2":24,"3":22,"4":24,"5":2,"6":2,"7":24,"8":6,"9":6,"10":24,"11":4,"12":4,"13":10,"14":10,"15":1,"16":1,"17":1,"18":17,"19":17,"20":1,"21":1,"22":1},"branchMap":{"0":{"type":"branch","line":1,"loc":{"start":{"line":1,"column":0},"end":{"line":15,"column":1}},"locations":[{"start":{"line":1,"column":0},"end":{"line":15,"column":1}}]},"1":{"type":"branch","line":2,"loc":{"start":{"line":2,"column":31},"end":{"line":2,"column":39}},"locations":[{"start":{"line":2,"column":31},"end":{"line":2,"column":39}}]},"2":{"type":"branch","line":2,"loc":{"start":{"line":2,"column":31},"end":{"line":3,"column":6}},"locations":[{"start":{"line":2,"column":31},"end":{"line":3,"column":6}}]},"3":{"type":"branch","line":3,"loc":{"start":{"line":3,"column":17},"end":{"line":3,"column":24}},"locations":[{"start":{"line":3,"column":17},"end":{"line":3,"column":24}}]},"4":{"type":"branch","line":3,"loc":{"start":{"line":3,"column":17},"end":{"line":5,"column":15}},"locations":[{"start":{"line":3,"column":17},"end":{"line":5,"column":15}}]},"5":{"type":"branch","line":5,"loc":{"start":{"line":5,"column":6},"end":{"line":5,"column":37}},"locations":[{"start":{"line":5,"column":6},"end":{"line":5,"column":37}}]},"6":{"type":"branch","line":5,"loc":{"start":{"line":5,"column":46},"end":{"line":7,"column":3}},"locations":[{"start":{"line":5,"column":46},"end":{"line":7,"column":3}}]},"7":{"type":"branch","line":8,"loc":{"start":{"line":8,"column":-1},"end":{"line":8,"column":6}},"locations":[{"start":{"line":8,"column":-1},"end":{"line":8,"column":6}}]},"8":{"type":"branch","line":8,"loc":{"start":{"line":8,"column":25},"end":{"line":10,"column":3}},"locations":[{"start":{"line":8,"column":25},"end":{"line":10,"column":3}}]},"9":{"type":"branch","line":11,"loc":{"start":{"line":11,"column":-1},"end":{"line":11,"column":6}},"locations":[{"start":{"line":11,"column":-1},"end":{"line":11,"column":6}}]},"10":{"type":"branch","line":11,"loc":{"start":{"line":11,"column":25},"end":{"line":13,"column":3}},"locations":[{"start":{"line":11,"column":25},"end":{"line":13,"column":3}}]},"11":{"type":"branch","line":14,"loc":{"start":{"line":14,"column":-1},"end":{"line":15,"column":1}},"locations":[{"start":{"line":14,"column":-1},"end":{"line":15,"column":1}}]},"12":{"type":"branch","line":4,"loc":{"start":{"line":4,"column":20},"end":{"line":4,"column":58}},"locations":[{"start":{"line":4,"column":20},"end":{"line":4,"column":58}}]},"13":{"type":"branch","line":17,"loc":{"start":{"line":17,"column":0},"end":{"line":21,"column":1}},"locations":[{"start":{"line":17,"column":0},"end":{"line":21,"column":1}}]},"14":{"type":"branch","line":18,"loc":{"start":{"line":18,"column":33},"end":{"line":20,"column":3}},"locations":[{"start":{"line":18,"column":33},"end":{"line":20,"column":3}}]}},"b":{"0":[24],"1":[1],"2":[23],"3":[1],"4":[22],"5":[8],"6":[2],"7":[20],"8":[6],"9":[14],"10":[4],"11":[10],"12":[64],"13":[1],"14":[17]},"fnMap":{"0":{"name":"fizzbuzz","decl":{"start":{"line":1,"column":0},"end":{"line":15,"column":1}},"loc":{"start":{"line":1,"column":0},"end":{"line":15,"column":1}},"line":1},"1":{"name":"divisible","decl":{"start":{"line":4,"column":20},"end":{"line":4,"column":58}},"loc":{"start":{"line":4,"column":20},"end":{"line":4,"column":58}},"line":4},"2":{"name":"print","decl":{"start":{"line":17,"column":0},"end":{"line":21,"column":1}},"loc":{"start":{"line":17,"column":0},"end":{"line":21,"column":1}},"line":17}},"f":{"0":24,"1":64,"2":1}}
}
