TN:
SF:fizzBuzz.js
FN:1,fizzbuzz
FN:4,divisible
FN:17,print
FNF:3
FNH:3
FNDA:24,fizzbuzz
FNDA:64,divisible
FNDA:1,print
DA:1,24
DA:2,24
DA:3,24
DA:4,22
DA:5,24
DA:6,2
DA:7,2
DA:8,24
DA:9,6
DA:10,6
DA:11,24
DA:12,4
DA:13,4
DA:14,10
DA:15,10
DA:16,1
DA:17,1
DA:18,1
DA:19,17
DA:20,17
DA:21,1
DA:22,1
DA:23,1
LF:23
LH:23
BRDA:1,0,0,24
BRDA:2,1,0,1
BRDA:2,2,0,23
BRDA:3,3,0,1
BRDA:3,4,0,22
BRDA:5,5,0,8
BRDA:5,6,0,2
BRDA:8,7,0,20
BRDA:8,8,0,6
BRDA:11,9,0,14
BRDA:11,10,0,4
BRDA:14,11,0,10
BRDA:4,12,0,64
BRDA:17,13,0,1
BRDA:18,14,0,17
BRF:15
BRH:15
end_of_record
